Enter text on standard input (Ctrl-D by itself to stop).
ASCII   char   count   frequency
-----   ----   -----   ---------
  10     \n       30       3.80%
  32             129      16.33%
  39      '       11       1.39%
  65      A       11       1.39%
  66      B        2       0.25%
  67      C        3       0.38%
  72      H        1       0.13%
  73      I        9       1.14%
  79      O        1       0.13%
  84      T        2       0.25%
  87      W        2       0.25%
  89      Y        1       0.13%
  97      a       34       4.30%
  98      b       13       1.65%
  99      c       11       1.39%
 100      d       23       2.91%
 101      e       75       9.49%
 102      f        7       0.89%
 103      g        9       1.14%
 104      h       34       4.30%
 105      i       17       2.15%
 107      k        7       0.89%
 108      l       37       4.68%
 109      m       18       2.28%
 110      n       42       5.32%
 111      o       70       8.86%
 112      p        3       0.38%
 114      r       33       4.18%
 115      s       29       3.67%
 116      t       45       5.70%
 117      u       31       3.92%
 118      v        7       0.89%
 119      w       19       2.41%
 121      y       24       3.04%
               -----   ---------
                 790     100.00%

ASCII   char   encoding
-----   ----   --------
  10     \n    10101
  32           110
  39      '    010111
  65      A    011100
  66      B    111111000
  67      C    10011100
  72      H    11111101110
  73      I    1111111
  79      O    11111101111
  84      T    111111001
  87      W    111111010
  89      Y    1111110110
  97      a    11110
  98      b    100110
  99      c    011101
 100      d    01111
 101      e    001
 102      f    1001111
 103      g    010110
 104      h    11101
 105      i    101101
 107      k    1011000
 108      l    0100
 109      m    111110
 110      n    0110
 111      o    000
 112      p    10011101
 114      r    11100
 115      s    10100
 116      t    1000
 117      u    10111
 118      v    1011001
 119      w    01010
 121      y    10010
