Enter text on standard input (Ctrl-D by itself to stop).
ASCII   char   count   frequency
-----   ----   -----   ---------
  10     \n       46       3.80%
  32             212      17.51%
  39      '       30       2.48%
  65      A        3       0.25%
  66      B        3       0.25%
  67      C        2       0.17%
  68      D        2       0.17%
  72      H       11       0.91%
  73      I       14       1.16%
  76      L        1       0.08%
  83      S        1       0.08%
  84      T        3       0.25%
  87      W       12       0.99%
  97      a       46       3.80%
  98      b       22       1.82%
  99      c       10       0.83%
 100      d       20       1.65%
 101      e       99       8.18%
 102      f       12       0.99%
 103      g       47       3.88%
 104      h       41       3.39%
 105      i       64       5.28%
 107      k       11       0.91%
 108      l       17       1.40%
 109      m       20       1.65%
 110      n       82       6.77%
 111      o      114       9.41%
 112      p        4       0.33%
 114      r       30       2.48%
 115      s       47       3.88%
 116      t       96       7.93%
 117      u       25       2.06%
 118      v        5       0.41%
 119      w       37       3.06%
 121      y       22       1.82%
               -----   ---------
                1211     100.00%

ASCII   char   encoding
-----   ----   --------
  10     \n    10101
  32           111
  39      '    00110
  65      A    100001101
  66      B    00101100
  67      C    001011101
  68      D    100001100
  72      H    1011100
  73      I    001010
  76      L    0010111000
  83      S    0010111001
  84      T    00101101
  87      W    1011111
  97      a    10110
  98      b    101001
  99      c    1000010
 100      d    100000
 101      e    000
 102      f    1011110
 103      g    11000
 104      h    10001
 105      i    0110
 107      k    1011101
 108      l    011110
 109      m    011111
 110      n    1001
 111      o    010
 112      p    00101111
 114      r    00111
 115      s    11001
 116      t    1101
 117      u    00100
 118      v    10000111
 119      w    01110
 121      y    101000
